Base path: C:/Program Files/Unity/Editor/Data
Cmd: getPlatforms
Cmd: preprocess
  insize=2738 outsize=2154 ok=1
Cmd: preprocess
  insize=2740 outsize=2156 ok=1
Cmd: preprocess
  insize=3063 outsize=2056 ok=1
Cmd: preprocess
  insize=2732 outsize=2151 ok=1
Cmd: preprocess
  insize=4184 outsize=2234 ok=1
Cmd: preprocess
  insize=3303 outsize=2440 ok=1
Cmd: preprocess
  insize=3547 outsize=2167 ok=1
Cmd: preprocess
  insize=3297 outsize=2438 ok=1
Cmd: preprocess
  insize=3152 outsize=2395 ok=1
Cmd: preprocess
  insize=3812 outsize=2641 ok=1
Cmd: preprocess
  insize=3325 outsize=2438 ok=1
Cmd: preprocess
  insize=2732 outsize=2151 ok=1
Cmd: preprocess
  insize=4828 outsize=2479 ok=1
Cmd: preprocess
  insize=4209 outsize=2454 ok=1
Cmd: preprocess
  insize=3380 outsize=2398 ok=1
Cmd: preprocess
  insize=3804 outsize=2638 ok=1
Cmd: preprocess
  insize=3808 outsize=2639 ok=1
Cmd: preprocess
  insize=3555 outsize=2207 ok=1
Cmd: preprocess
  insize=3148 outsize=2396 ok=1
Cmd: preprocess
  insize=3295 outsize=2437 ok=1
Cmd: preprocess
  insize=3804 outsize=2638 ok=1
Cmd: preprocess
  insize=3303 outsize=2440 ok=1
Cmd: preprocess
  insize=4824 outsize=2476 ok=1
Cmd: preprocess
  insize=4822 outsize=2475 ok=1
Cmd: preprocess
  insize=3378 outsize=2395 ok=1
Cmd: preprocess
  insize=3303 outsize=2441 ok=1
Cmd: preprocess
  insize=4192 outsize=2238 ok=1
Cmd: preprocess
  insize=4830 outsize=2482 ok=1
Cmd: preprocess
  insize=3144 outsize=2393 ok=1
Cmd: preprocess
  insize=3146 outsize=2395 ok=1
Cmd: preprocess
  insize=3377 outsize=2391 ok=1
Cmd: preprocess
  insize=2997 outsize=2158 ok=1
Cmd: preprocess
  insize=4266 outsize=2486 ok=1
Cmd: preprocess
  insize=3162 outsize=2191 ok=1
Cmd: preprocess
  insize=3150 outsize=2397 ok=1
Cmd: preprocess
  insize=3386 outsize=2401 ok=1
Cmd: preprocess
  insize=3384 outsize=2400 ok=1
Cmd: preprocess
  insize=3382 outsize=2400 ok=1
Cmd: preprocess
  insize=3148 outsize=2395 ok=1
Cmd: preprocess
  insize=3885 outsize=2515 ok=1
Cmd: preprocess
  insize=4188 outsize=2236 ok=1
Cmd: preprocess
  insize=3960 outsize=2685 ok=1
Cmd: preprocess
  insize=2734 outsize=2153 ok=1
Cmd: preprocess
  insize=3950 outsize=2679 ok=1
Cmd: preprocess
  insize=4832 outsize=2482 ok=1
Cmd: preprocess
  insize=4302 outsize=2239 ok=1
Cmd: preprocess
  insize=3597 outsize=2429 ok=1
Cmd: preprocess
  insize=3884 outsize=2512 ok=1
Cmd: preprocess
  insize=3801 outsize=2635 ok=1
Cmd: preprocess
  insize=3301 outsize=2439 ok=1
Cmd: preprocess
  insize=4190 outsize=2237 ok=1
Cmd: preprocess
  insize=3383 outsize=2398 ok=1
Cmd: preprocess
  insize=3382 outsize=2400 ok=1
Cmd: preprocess
  insize=4186 outsize=2235 ok=1
Cmd: preprocess
  insize=2793 outsize=2233 ok=1
Cmd: preprocess
  insize=3144 outsize=2393 ok=1
Cmd: preprocess
  insize=2734 outsize=2151 ok=1
Cmd: preprocess
  insize=3810 outsize=2641 ok=1
Cmd: preprocess
  insize=2736 outsize=2153 ok=1
Cmd: preprocess
  insize=2728 outsize=2150 ok=1
Cmd: preprocess
  insize=4830 outsize=2481 ok=1
Cmd: preprocess
  insize=2740 outsize=2155 ok=1
Cmd: preprocess
  insize=3142 outsize=2392 ok=1
Cmd: preprocess
  insize=3806 outsize=2638 ok=1
Cmd: preprocess
  insize=3388 outsize=2401 ok=1
Cmd: preprocess
  insize=4196 outsize=2239 ok=1
Cmd: preprocess
  insize=3148 outsize=2395 ok=1
Cmd: preprocess
  insize=4827 outsize=2475 ok=1
Cmd: preprocess
  insize=3784 outsize=2635 ok=1
Cmd: preprocess
  insize=3142 outsize=2395 ok=1
Cmd: preprocess
  insize=3275 outsize=2435 ok=1
Cmd: preprocess
  insize=3810 outsize=2640 ok=1
Cmd: preprocess
  insize=4196 outsize=2239 ok=1
Cmd: preprocess
  insize=2736 outsize=2154 ok=1
Cmd: preprocess
  insize=3384 outsize=2400 ok=1
Cmd: preprocess
  insize=3954 outsize=2682 ok=1
Cmd: preprocess
  insize=3382 outsize=2398 ok=1
Cmd: preprocess
  insize=3812 outsize=2642 ok=1
Cmd: preprocess
  insize=2730 outsize=2151 ok=1
Cmd: preprocess
  insize=3152 outsize=2398 ok=1
Cmd: preprocess
  insize=4192 outsize=2237 ok=1
Cmd: preprocess
  insize=3150 outsize=2396 ok=1
Cmd: preprocess
  insize=4836 outsize=2484 ok=1
Cmd: preprocess
  insize=3960 outsize=2684 ok=1
Cmd: preprocess
  insize=3388 outsize=2401 ok=1
Cmd: preprocess
  insize=3808 outsize=2639 ok=1
Cmd: preprocess
  insize=3293 outsize=2436 ok=1
Cmd: preprocess
  insize=3952 outsize=2679 ok=1
Cmd: preprocess
  insize=2730 outsize=2150 ok=1
Cmd: preprocess
  insize=4836 outsize=2485 ok=1
Cmd: preprocess
  insize=4186 outsize=2233 ok=1
Cmd: preprocess
  insize=3960 outsize=2683 ok=1
Cmd: preprocess
  insize=3293 outsize=2435 ok=1
Cmd: preprocess
  insize=3899 outsize=2305 ok=1
Cmd: preprocess
  insize=3382 outsize=2398 ok=1
Cmd: preprocess
  insize=3932 outsize=2680 ok=1
Cmd: preprocess
  insize=3696 outsize=2300 ok=1
Cmd: preprocess
  insize=2876 outsize=2109 ok=1
Cmd: preprocess
  insize=3297 outsize=2438 ok=1
Cmd: preprocess
  insize=3954 outsize=2682 ok=1
Cmd: preprocess
  insize=3956 outsize=2682 ok=1
Cmd: preprocess
  insize=4186 outsize=2235 ok=1
Cmd: preprocess
  insize=4196 outsize=2240 ok=1
Cmd: preprocess
  insize=4834 outsize=2483 ok=1
Cmd: preprocess
  insize=3956 outsize=2682 ok=1
Cmd: preprocess
  insize=3388 outsize=2402 ok=1
Cmd: preprocess
  insize=4190 outsize=2236 ok=1
Cmd: preprocess
  insize=3946 outsize=2678 ok=1
Cmd: preprocess
  insize=3297 outsize=2438 ok=1
Cmd: preprocess
  insize=4826 outsize=2480 ok=1
Cmd: preprocess
  insize=3958 outsize=2684 ok=1
Cmd: preprocess
  insize=3804 outsize=2637 ok=1
Cmd: preprocess
  insize=3376 outsize=2395 ok=1
Cmd: preprocess
  insize=4830 outsize=2481 ok=1
Cmd: preprocess
  insize=3952 outsize=2681 ok=1
Cmd: preprocess
  insize=2734 outsize=2152 ok=1
Cmd: preprocess
  insize=4824 outsize=2479 ok=1
Cmd: preprocess
  insize=3808 outsize=2640 ok=1
Cmd: preprocess
  insize=4182 outsize=2233 ok=1
Cmd: preprocess
  insize=4192 outsize=2238 ok=1
Cmd: preprocess
  insize=3802 outsize=2636 ok=1
Cmd: preprocess
  insize=3146 outsize=2394 ok=1
Cmd: preprocess
  insize=4190 outsize=2236 ok=1
Cmd: preprocess
  insize=3733 outsize=2400 ok=1
Cmd: preprocess
  insize=3152 outsize=2398 ok=1
Cmd: preprocess
  insize=2738 outsize=2154 ok=1
Cmd: preprocess
  insize=3220 outsize=2056 ok=1
Cmd: preprocess
  insize=3799 outsize=2640 ok=1
Cmd: preprocess
  insize=3299 outsize=2437 ok=1
Cmd: preprocess
  insize=3140 outsize=2389 ok=1
Cmd: preprocess
  insize=3956 outsize=2683 ok=1
Cmd: preprocess
  insize=3803 outsize=2636 ok=1
Cmd: preprocess
  insize=4190 outsize=2237 ok=1
Cmd: preprocess
  insize=3382 outsize=2398 ok=1
Cmd: preprocess
  insize=4192 outsize=2237 ok=1
Cmd: preprocess
  insize=3148 outsize=2394 ok=1
Cmd: preprocess
  insize=4828 outsize=2480 ok=1
Cmd: preprocess
  insize=3142 outsize=2393 ok=1
Cmd: preprocess
  insize=3798 outsize=2635 ok=1
Cmd: preprocess
  insize=3378 outsize=2396 ok=1
Cmd: preprocess
  insize=4188 outsize=2236 ok=1
Cmd: preprocess
  insize=2740 outsize=2156 ok=1
Cmd: preprocess
  insize=3960 outsize=2685 ok=1
Cmd: preprocess
  insize=3806 outsize=2639 ok=1
Cmd: preprocess
  insize=3299 outsize=2439 ok=1
Cmd: preprocess
  insize=3954 outsize=2681 ok=1
Cmd: preprocess
  insize=3138 outsize=2391 ok=1
Cmd: preprocess
  insize=3299 outsize=2438 ok=1
Cmd: preprocess
  insize=3950 outsize=2679 ok=1
Cmd: preprocess
  insize=3164 outsize=2193 ok=1
Cmd: preprocess
  insize=3152 outsize=2398 ok=1
Cmd: preprocess
  insize=3806 outsize=2639 ok=1
Cmd: preprocess
  insize=3116 outsize=2393 ok=1
Cmd: preprocess
  insize=4834 outsize=2483 ok=1
Cmd: preprocess
  insize=2726 outsize=2148 ok=1
Cmd: preprocess
  insize=3804 outsize=2638 ok=1
Cmd: preprocess
  insize=3146 outsize=2394 ok=1
Cmd: preprocess
  insize=2736 outsize=2153 ok=1
Cmd: preprocess
  insize=4836 outsize=2484 ok=1
Cmd: preprocess
  insize=3812 outsize=2642 ok=1
Cmd: preprocess
  insize=3144 outsize=2394 ok=1
Cmd: preprocess
  insize=3297 outsize=2436 ok=1
Cmd: preprocess
  insize=3303 outsize=2439 ok=1
Cmd: preprocess
  insize=3380 outsize=2397 ok=1
Cmd: preprocess
  insize=4828 outsize=2480 ok=1
Cmd: preprocess
  insize=4832 outsize=2481 ok=1
Cmd: preprocess
  insize=3952 outsize=2679 ok=1
Cmd: preprocess
  insize=2732 outsize=2151 ok=1
Cmd: preprocess
  insize=4188 outsize=2234 ok=1
Cmd: preprocess
  insize=4823 outsize=2472 ok=1
Cmd: preprocess
  insize=3956 outsize=2682 ok=1
Cmd: preprocess
  insize=4830 outsize=2482 ok=1
Cmd: preprocess
  insize=4826 outsize=2480 ok=1
Cmd: preprocess
  insize=2734 outsize=2153 ok=1
Cmd: preprocess
  insize=2732 outsize=2151 ok=1
Cmd: preprocess
  insize=3295 outsize=2435 ok=1
Cmd: preprocess
  insize=3388 outsize=2401 ok=1
Cmd: preprocess
  insize=3374 outsize=2394 ok=1
Cmd: preprocess
  insize=3295 outsize=2437 ok=1
Cmd: preprocess
  insize=2736 outsize=2153 ok=1
Cmd: preprocess
  insize=3291 outsize=2435 ok=1
Cmd: preprocess
  insize=3806 outsize=2639 ok=1
Cmd: preprocess
  insize=3303 outsize=2441 ok=1
Cmd: preprocess
  insize=3812 outsize=2642 ok=1
Cmd: preprocess
  insize=3948 outsize=2678 ok=1
Cmd: preprocess
  insize=4188 outsize=2236 ok=1
Cmd: preprocess
  insize=2876 outsize=2299 ok=1
Cmd: preprocess
  insize=3954 outsize=2682 ok=1
Cmd: preprocess
  insize=3144 outsize=2394 ok=1
Cmd: preprocess
  insize=3289 outsize=2434 ok=1
Cmd: preprocess
  insize=4826 outsize=2479 ok=1
Cmd: preprocess
  insize=4196 outsize=2238 ok=1
Cmd: preprocess
  insize=4194 outsize=2238 ok=1
Cmd: preprocess
  insize=2740 outsize=2155 ok=1
Cmd: preprocess
  insize=3295 outsize=2437 ok=1
Cmd: preprocess
  insize=3960 outsize=2684 ok=1
Cmd: preprocess
  insize=3384 outsize=2399 ok=1
Cmd: preprocess
  insize=4832 outsize=2483 ok=1
Cmd: preprocess
  insize=3384 outsize=2399 ok=1
Cmd: preprocess
  insize=2221 outsize=2053 ok=1
Cmd: preprocess
  insize=3438 outsize=2478 ok=1
Cmd: preprocess
  insize=3952 outsize=2680 ok=1
Cmd: compileSnippet
  api=4 type=0 insize=3695 outsize=1349 kw=POINT pd=UNITY_ENABLE_REFLECTION_BUFFERS UNITY_PBS_USE_BRDF1 UNITY_SPECCUBE_BOX_PROJECTION UNITY_SPECCUBE_BLENDING UNITY_TEXTURE_ALPHASPLIT_ALLOWED ok=1
Cmd: compileSnippet
  api=4 type=1 insize=3695 outsize=953 kw=POINT pd=UNITY_ENABLE_REFLECTION_BUFFERS UNITY_PBS_USE_BRDF1 UNITY_SPECCUBE_BOX_PROJECTION UNITY_SPECCUBE_BLENDING UNITY_TEXTURE_ALPHASPLIT_ALLOWED ok=1
Cmd: compileSnippet
  api=4 type=0 insize=3591 outsize=1349 kw=POINT pd=UNITY_ENABLE_REFLECTION_BUFFERS UNITY_PBS_USE_BRDF1 UNITY_SPECCUBE_BOX_PROJECTION UNITY_SPECCUBE_BLENDING UNITY_TEXTURE_ALPHASPLIT_ALLOWED ok=1
Cmd: compileSnippet
  api=4 type=1 insize=3591 outsize=953 kw=POINT pd=UNITY_ENABLE_REFLECTION_BUFFERS UNITY_PBS_USE_BRDF1 UNITY_SPECCUBE_BOX_PROJECTION UNITY_SPECCUBE_BLENDING UNITY_TEXTURE_ALPHASPLIT_ALLOWED ok=1
